{"/Users/Liuchenling/Sites/bigInt/dist/test.js":{"path":"/Users/Liuchenling/Sites/bigInt/dist/test.js","s":{"1":1,"2":1,"3":1,"4":1,"5":1,"6":1,"7":1,"8":3,"9":1,"10":1,"11":1,"12":22,"13":22},"b":{"1":[0,3],"2":[3,3]},"f":{"1":3,"2":1,"3":22,"4":22},"fnMap":{"1":{"name":"_interopRequireDefault","line":1,"loc":{"start":{"line":1,"column":244},"end":{"line":1,"column":281}}},"2":{"name":"(anonymous_2)","line":33,"loc":{"start":{"line":33,"column":22},"end":{"line":33,"column":34}}},"3":{"name":"(anonymous_3)","line":34,"loc":{"start":{"line":34,"column":20},"end":{"line":34,"column":33}}},"4":{"name":"(anonymous_4)","line":35,"loc":{"start":{"line":35,"column":43},"end":{"line":35,"column":55}}}},"statementMap":{"1":{"start":{"line":1,"column":13},"end":{"line":1,"column":43}},"2":{"start":{"line":1,"column":43},"end":{"line":1,"column":88}},"3":{"start":{"line":1,"column":88},"end":{"line":1,"column":120}},"4":{"start":{"line":1,"column":120},"end":{"line":1,"column":167}},"5":{"start":{"line":1,"column":167},"end":{"line":1,"column":199}},"6":{"start":{"line":1,"column":199},"end":{"line":1,"column":244}},"7":{"start":{"line":1,"column":244},"end":{"line":1,"column":337}},"8":{"start":{"line":1,"column":282},"end":{"line":1,"column":336}},"9":{"start":{"line":5,"column":0},"end":{"line":30,"column":26}},"10":{"start":{"line":33,"column":0},"end":{"line":36,"column":93}},"11":{"start":{"line":34,"column":2},"end":{"line":36,"column":90}},"12":{"start":{"line":35,"column":4},"end":{"line":36,"column":87}},"13":{"start":{"line":36,"column":6},"end":{"line":36,"column":84}}},"branchMap":{"1":{"line":1,"type":"cond-expr","locations":[{"start":{"line":1,"column":313},"end":{"line":1,"column":316}},{"start":{"line":1,"column":319},"end":{"line":1,"column":335}}]},"2":{"line":1,"type":"binary-expr","locations":[{"start":{"line":1,"column":289},"end":{"line":1,"column":292}},{"start":{"line":1,"column":296},"end":{"line":1,"column":310}}]}}},"/Users/Liuchenling/Sites/bigInt/dist/index.js":{"path":"/Users/Liuchenling/Sites/bigInt/dist/index.js","s":{"1":1,"2":1,"3":1,"4":1,"5":1,"6":1,"7":88,"8":88,"9":4,"10":4,"11":2,"12":2,"13":4,"14":2,"15":2,"16":4,"17":4,"18":4,"19":4,"20":4,"21":4,"22":10,"23":10,"24":5,"25":5,"26":5,"27":10,"28":4,"29":1,"30":4,"31":18,"32":18,"33":18,"34":18,"35":9,"36":9,"37":18,"38":9,"39":9,"40":18,"41":2,"42":16,"43":4,"44":12,"45":4,"46":8,"47":10,"48":4,"49":4,"50":6,"51":4,"52":4,"53":16,"54":8,"55":8,"56":8,"57":8,"58":4,"59":8,"60":4,"61":16,"62":16,"63":16,"64":16,"65":16,"66":16,"67":58,"68":58,"69":22,"70":22,"71":36,"72":58,"73":16,"74":1,"75":22,"76":1,"77":1},"b":{"1":[1,0],"2":[1,1],"3":[2,2],"4":[2,2],"5":[0,4],"6":[10,6],"7":[10,0],"8":[5,5],"9":[1,3],"10":[9,9],"11":[9,9],"12":[2,16],"13":[4,12],"14":[4,8],"15":[4,6],"16":[4,2],"17":[8,8],"18":[4,4],"19":[4,4],"20":[8,8],"21":[58,4],"22":[58,12],"23":[22,36],"24":[18,4]},"f":{"1":1,"2":88,"3":4,"4":18,"5":22},"fnMap":{"1":{"name":"_interopRequireDefault","line":1,"loc":{"start":{"line":1,"column":140},"end":{"line":1,"column":177}}},"2":{"name":"judgeNegative","line":6,"loc":{"start":{"line":6,"column":17},"end":{"line":6,"column":43}}},"3":{"name":"add","line":14,"loc":{"start":{"line":14,"column":7},"end":{"line":14,"column":32}}},"4":{"name":"minus","line":55,"loc":{"start":{"line":55,"column":9},"end":{"line":55,"column":36}}},"5":{"name":"bigAdd","line":125,"loc":{"start":{"line":125,"column":0},"end":{"line":125,"column":28}}}},"statementMap":{"1":{"start":{"line":1,"column":13},"end":{"line":1,"column":39}},"2":{"start":{"line":1,"column":39},"end":{"line":1,"column":93}},"3":{"start":{"line":1,"column":93},"end":{"line":1,"column":140}},"4":{"start":{"line":1,"column":140},"end":{"line":1,"column":233}},"5":{"start":{"line":1,"column":178},"end":{"line":1,"column":232}},"6":{"start":{"line":1,"column":233},"end":{"line":115,"column":69}},"7":{"start":{"line":7,"column":4},"end":{"line":7,"column":24}},"8":{"start":{"line":8,"column":4},"end":{"line":8,"column":24}},"9":{"start":{"line":15,"column":4},"end":{"line":15,"column":18}},"10":{"start":{"line":18,"column":4},"end":{"line":20,"column":18}},"11":{"start":{"line":19,"column":6},"end":{"line":19,"column":27}},"12":{"start":{"line":20,"column":6},"end":{"line":20,"column":17}},"13":{"start":{"line":22,"column":4},"end":{"line":24,"column":18}},"14":{"start":{"line":23,"column":6},"end":{"line":23,"column":27}},"15":{"start":{"line":24,"column":6},"end":{"line":24,"column":17}},"16":{"start":{"line":27,"column":4},"end":{"line":27,"column":14}},"17":{"start":{"line":28,"column":4},"end":{"line":29,"column":37}},"18":{"start":{"line":30,"column":4},"end":{"line":30,"column":72}},"19":{"start":{"line":31,"column":4},"end":{"line":31,"column":20}},"20":{"start":{"line":32,"column":4},"end":{"line":32,"column":26}},"21":{"start":{"line":34,"column":4},"end":{"line":42,"column":29}},"22":{"start":{"line":35,"column":6},"end":{"line":35,"column":75}},"23":{"start":{"line":36,"column":6},"end":{"line":40,"column":15}},"24":{"start":{"line":37,"column":8},"end":{"line":37,"column":14}},"25":{"start":{"line":38,"column":8},"end":{"line":38,"column":23}},"26":{"start":{"line":40,"column":8},"end":{"line":40,"column":14}},"27":{"start":{"line":42,"column":6},"end":{"line":42,"column":28}},"28":{"start":{"line":44,"column":4},"end":{"line":45,"column":22}},"29":{"start":{"line":45,"column":6},"end":{"line":45,"column":21}},"30":{"start":{"line":47,"column":4},"end":{"line":47,"column":44}},"31":{"start":{"line":56,"column":4},"end":{"line":56,"column":18}},"32":{"start":{"line":57,"column":4},"end":{"line":57,"column":54}},"33":{"start":{"line":58,"column":4},"end":{"line":59,"column":24}},"34":{"start":{"line":61,"column":4},"end":{"line":63,"column":37}},"35":{"start":{"line":62,"column":6},"end":{"line":62,"column":30}},"36":{"start":{"line":63,"column":6},"end":{"line":63,"column":36}},"37":{"start":{"line":65,"column":4},"end":{"line":67,"column":37}},"38":{"start":{"line":66,"column":6},"end":{"line":66,"column":30}},"39":{"start":{"line":67,"column":6},"end":{"line":67,"column":36}},"40":{"start":{"line":70,"column":4},"end":{"line":83,"column":21}},"41":{"start":{"line":71,"column":6},"end":{"line":71,"column":17}},"42":{"start":{"line":72,"column":11},"end":{"line":83,"column":21}},"43":{"start":{"line":73,"column":8},"end":{"line":73,"column":41}},"44":{"start":{"line":74,"column":6},"end":{"line":83,"column":21}},"45":{"start":{"line":75,"column":8},"end":{"line":75,"column":41}},"46":{"start":{"line":77,"column":8},"end":{"line":83,"column":20}},"47":{"start":{"line":78,"column":10},"end":{"line":83,"column":19}},"48":{"start":{"line":79,"column":12},"end":{"line":79,"column":45}},"49":{"start":{"line":80,"column":12},"end":{"line":80,"column":18}},"50":{"start":{"line":81,"column":10},"end":{"line":83,"column":19}},"51":{"start":{"line":82,"column":12},"end":{"line":82,"column":45}},"52":{"start":{"line":83,"column":12},"end":{"line":83,"column":18}},"53":{"start":{"line":88,"column":4},"end":{"line":94,"column":18}},"54":{"start":{"line":90,"column":6},"end":{"line":90,"column":36}},"55":{"start":{"line":91,"column":6},"end":{"line":91,"column":24}},"56":{"start":{"line":91,"column":24},"end":{"line":91,"column":42}},"57":{"start":{"line":91,"column":42},"end":{"line":91,"column":92}},"58":{"start":{"line":91,"column":80},"end":{"line":91,"column":91}},"59":{"start":{"line":93,"column":4},"end":{"line":94,"column":18}},"60":{"start":{"line":94,"column":6},"end":{"line":94,"column":17}},"61":{"start":{"line":97,"column":4},"end":{"line":97,"column":14}},"62":{"start":{"line":98,"column":4},"end":{"line":99,"column":40}},"63":{"start":{"line":100,"column":4},"end":{"line":100,"column":72}},"64":{"start":{"line":101,"column":4},"end":{"line":101,"column":20}},"65":{"start":{"line":102,"column":4},"end":{"line":102,"column":26}},"66":{"start":{"line":104,"column":4},"end":{"line":112,"column":29}},"67":{"start":{"line":105,"column":6},"end":{"line":105,"column":77}},"68":{"start":{"line":106,"column":6},"end":{"line":110,"column":15}},"69":{"start":{"line":107,"column":8},"end":{"line":107,"column":14}},"70":{"start":{"line":108,"column":8},"end":{"line":108,"column":23}},"71":{"start":{"line":110,"column":8},"end":{"line":110,"column":14}},"72":{"start":{"line":112,"column":6},"end":{"line":112,"column":28}},"73":{"start":{"line":115,"column":4},"end":{"line":115,"column":65}},"74":{"start":{"line":125,"column":0},"end":{"line":126,"column":116}},"75":{"start":{"line":126,"column":2},"end":{"line":126,"column":115}},"76":{"start":{"line":126,"column":116},"end":{"line":130,"column":7}},"77":{"start":{"line":130,"column":7},"end":{"line":130,"column":43}}},"branchMap":{"1":{"line":1,"type":"cond-expr","locations":[{"start":{"line":1,"column":209},"end":{"line":1,"column":212}},{"start":{"line":1,"column":215},"end":{"line":1,"column":231}}]},"2":{"line":1,"type":"binary-expr","locations":[{"start":{"line":1,"column":185},"end":{"line":1,"column":188}},{"start":{"line":1,"column":192},"end":{"line":1,"column":206}}]},"3":{"line":18,"type":"if","locations":[{"start":{"line":18,"column":4},"end":{"line":18,"column":4}},{"start":{"line":18,"column":4},"end":{"line":18,"column":4}}]},"4":{"line":22,"type":"if","locations":[{"start":{"line":22,"column":4},"end":{"line":22,"column":4}},{"start":{"line":22,"column":4},"end":{"line":22,"column":4}}]},"5":{"line":30,"type":"cond-expr","locations":[{"start":{"line":30,"column":44},"end":{"line":30,"column":56}},{"start":{"line":30,"column":59},"end":{"line":30,"column":71}}]},"6":{"line":35,"type":"binary-expr","locations":[{"start":{"line":35,"column":18},"end":{"line":35,"column":36}},{"start":{"line":35,"column":40},"end":{"line":35,"column":41}}]},"7":{"line":35,"type":"binary-expr","locations":[{"start":{"line":35,"column":46},"end":{"line":35,"column":64}},{"start":{"line":35,"column":68},"end":{"line":35,"column":69}}]},"8":{"line":36,"type":"if","locations":[{"start":{"line":36,"column":6},"end":{"line":36,"column":6}},{"start":{"line":36,"column":6},"end":{"line":36,"column":6}}]},"9":{"line":44,"type":"if","locations":[{"start":{"line":44,"column":4},"end":{"line":44,"column":4}},{"start":{"line":44,"column":4},"end":{"line":44,"column":4}}]},"10":{"line":61,"type":"if","locations":[{"start":{"line":61,"column":4},"end":{"line":61,"column":4}},{"start":{"line":61,"column":4},"end":{"line":61,"column":4}}]},"11":{"line":65,"type":"if","locations":[{"start":{"line":65,"column":4},"end":{"line":65,"column":4}},{"start":{"line":65,"column":4},"end":{"line":65,"column":4}}]},"12":{"line":70,"type":"if","locations":[{"start":{"line":70,"column":4},"end":{"line":70,"column":4}},{"start":{"line":70,"column":4},"end":{"line":70,"column":4}}]},"13":{"line":72,"type":"if","locations":[{"start":{"line":72,"column":11},"end":{"line":72,"column":11}},{"start":{"line":72,"column":11},"end":{"line":72,"column":11}}]},"14":{"line":74,"type":"if","locations":[{"start":{"line":74,"column":6},"end":{"line":74,"column":6}},{"start":{"line":74,"column":6},"end":{"line":74,"column":6}}]},"15":{"line":78,"type":"if","locations":[{"start":{"line":78,"column":10},"end":{"line":78,"column":10}},{"start":{"line":78,"column":10},"end":{"line":78,"column":10}}]},"16":{"line":81,"type":"if","locations":[{"start":{"line":81,"column":10},"end":{"line":81,"column":10}},{"start":{"line":81,"column":10},"end":{"line":81,"column":10}}]},"17":{"line":88,"type":"if","locations":[{"start":{"line":88,"column":4},"end":{"line":88,"column":4}},{"start":{"line":88,"column":4},"end":{"line":88,"column":4}}]},"18":{"line":91,"type":"if","locations":[{"start":{"line":91,"column":42},"end":{"line":91,"column":42}},{"start":{"line":91,"column":42},"end":{"line":91,"column":42}}]},"19":{"line":93,"type":"if","locations":[{"start":{"line":93,"column":4},"end":{"line":93,"column":4}},{"start":{"line":93,"column":4},"end":{"line":93,"column":4}}]},"20":{"line":100,"type":"cond-expr","locations":[{"start":{"line":100,"column":44},"end":{"line":100,"column":56}},{"start":{"line":100,"column":59},"end":{"line":100,"column":71}}]},"21":{"line":105,"type":"binary-expr","locations":[{"start":{"line":105,"column":18},"end":{"line":105,"column":37}},{"start":{"line":105,"column":41},"end":{"line":105,"column":42}}]},"22":{"line":105,"type":"binary-expr","locations":[{"start":{"line":105,"column":47},"end":{"line":105,"column":66}},{"start":{"line":105,"column":70},"end":{"line":105,"column":71}}]},"23":{"line":106,"type":"if","locations":[{"start":{"line":106,"column":6},"end":{"line":106,"column":6}},{"start":{"line":106,"column":6},"end":{"line":106,"column":6}}]},"24":{"line":126,"type":"cond-expr","locations":[{"start":{"line":126,"column":69},"end":{"line":126,"column":91}},{"start":{"line":126,"column":94},"end":{"line":126,"column":114}}]}}}}