TN:
SF:/Users/Liuchenling/Sites/bigInt/dist/test.js
FN:1,_interopRequireDefault
FN:33,(anonymous_2)
FN:34,(anonymous_3)
FN:35,(anonymous_4)
FNF:4
FNH:4
FNDA:3,_interopRequireDefault
FNDA:1,(anonymous_2)
FNDA:22,(anonymous_3)
FNDA:22,(anonymous_4)
DA:1,3
DA:5,1
DA:33,1
DA:34,1
DA:35,22
DA:36,22
LF:6
LH:6
BRDA:1,1,0,0
BRDA:1,1,1,3
BRDA:1,2,0,3
BRDA:1,2,1,3
BRF:4
BRH:3
end_of_record
TN:
SF:/Users/Liuchenling/Sites/bigInt/dist/index.js
FN:1,_interopRequireDefault
FN:6,judgeNegative
FN:14,add
FN:55,minus
FN:125,bigAdd
FNF:5
FNH:5
FNDA:1,_interopRequireDefault
FNDA:88,judgeNegative
FNDA:4,add
FNDA:18,minus
FNDA:22,bigAdd
DA:1,1
DA:7,88
DA:8,88
DA:15,4
DA:18,4
DA:19,2
DA:20,2
DA:22,4
DA:23,2
DA:24,2
DA:27,4
DA:28,4
DA:30,4
DA:31,4
DA:32,4
DA:34,4
DA:35,10
DA:36,10
DA:37,5
DA:38,5
DA:40,5
DA:42,10
DA:44,4
DA:45,1
DA:47,4
DA:56,18
DA:57,18
DA:58,18
DA:61,18
DA:62,9
DA:63,9
DA:65,18
DA:66,9
DA:67,9
DA:70,18
DA:71,2
DA:72,16
DA:73,4
DA:74,12
DA:75,4
DA:77,8
DA:78,10
DA:79,4
DA:80,4
DA:81,6
DA:82,4
DA:83,4
DA:88,16
DA:90,8
DA:91,8
DA:93,8
DA:94,4
DA:97,16
DA:98,16
DA:100,16
DA:101,16
DA:102,16
DA:104,16
DA:105,58
DA:106,58
DA:107,22
DA:108,22
DA:110,36
DA:112,58
DA:115,16
DA:125,1
DA:126,22
DA:130,1
LF:68
LH:68
BRDA:1,1,0,1
BRDA:1,1,1,0
BRDA:1,2,0,1
BRDA:1,2,1,1
BRDA:18,3,0,2
BRDA:18,3,1,2
BRDA:22,4,0,2
BRDA:22,4,1,2
BRDA:30,5,0,0
BRDA:30,5,1,4
BRDA:35,6,0,10
BRDA:35,6,1,6
BRDA:35,7,0,10
BRDA:35,7,1,0
BRDA:36,8,0,5
BRDA:36,8,1,5
BRDA:44,9,0,1
BRDA:44,9,1,3
BRDA:61,10,0,9
BRDA:61,10,1,9
BRDA:65,11,0,9
BRDA:65,11,1,9
BRDA:70,12,0,2
BRDA:70,12,1,16
BRDA:72,13,0,4
BRDA:72,13,1,12
BRDA:74,14,0,4
BRDA:74,14,1,8
BRDA:78,15,0,4
BRDA:78,15,1,6
BRDA:81,16,0,4
BRDA:81,16,1,2
BRDA:88,17,0,8
BRDA:88,17,1,8
BRDA:91,18,0,4
BRDA:91,18,1,4
BRDA:93,19,0,4
BRDA:93,19,1,4
BRDA:100,20,0,8
BRDA:100,20,1,8
BRDA:105,21,0,58
BRDA:105,21,1,4
BRDA:105,22,0,58
BRDA:105,22,1,12
BRDA:106,23,0,22
BRDA:106,23,1,36
BRDA:126,24,0,18
BRDA:126,24,1,4
BRF:48
BRH:45
end_of_record
